621412432869 cde7c43356fa44a1 32
621412433516 cde7c43356fa44a1 32
621412436111 cde7c43356fa44a1 32
621412438374 cde7c43356fa44a1 32
621412943757 cde7c43356fa44a1 33
621412944922 cde7c43356fa44a1 34
621412958803 cde7c43356fa44a1 35
621412968071 cde7c43356fa44a1 36
621412989023 cde7c43356fa44a1 38
621413009444 cde7c43356fa44a1 40
621413030098 cde7c43356fa44a1 42
621413050774 cde7c43356fa44a1 44
621413071430 cde7c43356fa44a1 46
621413092111 cde7c43356fa44a1 48
621413112847 cde7c43356fa44a1 50
621413134446 cde7c43356fa44a1 52
621413154482 cde7c43356fa44a1 54
621413174829 cde7c43356fa44a1 56
621413195329 cde7c43356fa44a1 58
621413216077 cde7c43356fa44a1 60
621413236917 cde7c43356fa44a1 62
621413257554 cde7c43356fa44a1 64
621413278316 cde7c43356fa44a1 66
621413298897 cde7c43356fa44a1 68
621413319665 cde7c43356fa44a1 70
621413355030 cde7c43356fa44a1 72
621413466264 cde7c43356fa44a1 74
621413487181 cde7c43356fa44a1 77
621413507892 cde7c43356fa44a1 79
621413528509 cde7c43356fa44a1 81
621413549149 cde7c43356fa44a1 83
621413569889 cde7c43356fa44a1 85
621413590452 cde7c43356fa44a1 87
621413611138 cde7c43356fa44a1 89
621413631977 cde7c43356fa44a1 91
621413652154 cde7c43356fa44a1 93
621413673156 cde7c43356fa44a1 95
621413693817 cde7c43356fa44a1 97
621413714603 cde7c43356fa44a1 99
621413735249 cde7c43356fa44a1 101
621413755794 cde7c43356fa44a1 103
621413776435 cde7c43356fa44a1 105
621413797256 cde7c43356fa44a1 107
621413817716 cde7c43356fa44a1 109
621413838348 cde7c43356fa44a1 111
621413859293 cde7c43356fa44a1 113
621413879980 cde7c43356fa44a1 115
621413900724 cde7c43356fa44a1 117
621413921406 cde7c43356fa44a1 119
621413942041 cde7c43356fa44a1 121
621413962574 cde7c43356fa44a1 123
621413983372 cde7c43356fa44a1 125
621414004157 cde7c43356fa44a1 127
621414024762 cde7c43356fa44a1 129
621414060064 cde7c43356fa44a1 132
621414091126 cde7c43356fa44a1 135
621414122109 cde7c43356fa44a1 138
621414153092 cde7c43356fa44a1 141
621414184020 cde7c43356fa44a1 144
621414215041 cde7c43356fa44a1 147
621414245986 cde7c43356fa44a1 150
621414276989 cde7c43356fa44a1 153
621414308088 cde7c43356fa44a1 156
621414338966 cde7c43356fa44a1 159
621414370133 cde7c43356fa44a1 162
621414401047 cde7c43356fa44a1 165
621414432107 cde7c43356fa44a1 168
621414463096 cde7c43356fa44a1 171
621414494144 cde7c43356fa44a1 174
621414525106 cde7c43356fa44a1 177
621414556015 cde7c43356fa44a1 180
621414587100 cde7c43356fa44a1 183
621414618128 cde7c43356fa44a1 183
621414649139 cde7c43356fa44a1 183
621414680185 cde7c43356fa44a1 183
621414711159 cde7c43356fa44a1 183
621414742293 cde7c43356fa44a1 183
621414773223 cde7c43356fa44a1 183
621414804140 cde7c43356fa44a1 183
621414835094 cde7c43356fa44a1 183
621414866340 cde7c43356fa44a1 183
621414897154 cde7c43356fa44a1 183
621414928161 cde7c43356fa44a1 183
621414959142 cde7c43356fa44a1 183
621414990136 cde7c43356fa44a1 183
621415021203 cde7c43356fa44a1 183
621415052246 cde7c43356fa44a1 183
621415083235 cde7c43356fa44a1 183
621415114248 cde7c43356fa44a1 183
621415145349 cde7c43356fa44a1 183
621415176214 cde7c43356fa44a1 183
621415207301 cde7c43356fa44a1 183
621415238252 cde7c43356fa44a1 183
621415269279 cde7c43356fa44a1 183
621415300190 cde7c43356fa44a1 183
621415331394 cde7c43356fa44a1 183
621415362215 cde7c43356fa44a1 183
621415393342 cde7c43356fa44a1 183
621415424216 cde7c43356fa44a1 183
621415455370 cde7c43356fa44a1 183
621415486279 cde7c43356fa44a1 184
621415517334 cde7c43356fa44a1 184
621415548349 cde7c43356fa44a1 184
621415579348 cde7c43356fa44a1 184
621415610296 cde7c43356fa44a1 184
621415641425 cde7c43356fa44a1 184
621415672494 cde7c43356fa44a1 184
621415703501 cde7c43356fa44a1 184
621415734338 cde7c43356fa44a1 184
621415765489 cde7c43356fa44a1 184
621415796395 cde7c43356fa44a1 184
621415827456 cde7c43356fa44a1 185
621415858436 cde7c43356fa44a1 185
621415889648 cde7c43356fa44a1 185
621415920463 cde7c43356fa44a1 185
621415951488 cde7c43356fa44a1 185
621415982495 cde7c43356fa44a1 185
621416013442 cde7c43356fa44a1 185
621416044455 cde7c43356fa44a1 185
621416075543 cde7c43356fa44a1 186
621416106584 cde7c43356fa44a1 186
621416137566 cde7c43356fa44a1 186
621416168500 cde7c43356fa44a1 186
621416199569 cde7c43356fa44a1 186
621416230491 cde7c43356fa44a1 186
621416261440 cde7c43356fa44a1 186
621416292544 cde7c43356fa44a1 187
621416323444 cde7c43356fa44a1 187
621416354526 cde7c43356fa44a1 187
621416385516 cde7c43356fa44a1 187
621416416559 cde7c43356fa44a1 187
621416447600 cde7c43356fa44a1 188
621416478659 cde7c43356fa44a1 188
621416509674 cde7c43356fa44a1 188
621416540746 cde7c43356fa44a1 188
621416571739 cde7c43356fa44a1 188
621416602656 cde7c43356fa44a1 189
621416633615 cde7c43356fa44a1 189
621416664624 cde7c43356fa44a1 189
621416695570 cde7c43356fa44a1 189
621416726687 cde7c43356fa44a1 190
621416757772 cde7c43356fa44a1 190
621416788725 cde7c43356fa44a1 190
621416819690 cde7c43356fa44a1 190
621416850710 cde7c43356fa44a1 191
621416881799 cde7c43356fa44a1 191
621416912831 cde7c43356fa44a1 191
621416943658 cde7c43356fa44a1 192
621416974665 cde7c43356fa44a1 192
621417005700 cde7c43356fa44a1 192
621417036736 cde7c43356fa44a1 193
621417067766 cde7c43356fa44a1 193
621417098832 cde7c43356fa44a1 193
621417129870 cde7c43356fa44a1 194
621417160803 cde7c43356fa44a1 194
621417191828 cde7c43356fa44a1 194
621417222865 cde7c43356fa44a1 195
621417253918 cde7c43356fa44a1 195
621417284863 cde7c43356fa44a1 195
621417315821 cde7c43356fa44a1 196
621417346583 cde7c43356fa44a1 196
621417377824 cde7c43356fa44a1 196
621417408840 cde7c43356fa44a1 197
621417439812 cde7c43356fa44a1 197
621417470748 cde7c43356fa44a1 198
621417501758 cde7c43356fa44a1 198
621417532875 cde7c43356fa44a1 199
621417564431 cde7c43356fa44a1 199
621417594686 cde7c43356fa44a1 199
621417625929 cde7c43356fa44a1 200
621417656786 cde7c43356fa44a1 200
621417687763 cde7c43356fa44a1 201
621417719776 cde7c43356fa44a1 201
621417749876 cde7c43356fa44a1 202
621417781017 cde7c43356fa44a1 202
621417811917 cde7c43356fa44a1 203
621417842794 cde7c43356fa44a1 203
621417874456 cde7c43356fa44a1 204
621417905000 cde7c43356fa44a1 204
621417935901 cde7c43356fa44a1 205
621417966955 cde7c43356fa44a1 205
621417997993 cde7c43356fa44a1 206
621418029012 cde7c43356fa44a1 207
621418060006 cde7c43356fa44a1 207
621418090881 cde7c43356fa44a1 208
621418122159 cde7c43356fa44a1 208
621418152862 cde7c43356fa44a1 209
621418183925 cde7c43356fa44a1 210
621418215014 cde7c43356fa44a1 210
621418246074 cde7c43356fa44a1 211
621418277095 cde7c43356fa44a1 211
621418308039 cde7c43356fa44a1 212
621418339129 cde7c43356fa44a1 213
621418370191 cde7c43356fa44a1 213
621418400996 cde7c43356fa44a1 214
621418432119 cde7c43356fa44a1 215
621418463071 cde7c43356fa44a1 215
621418494053 cde7c43356fa44a1 216
621418524937 cde7c43356fa44a1 217
621418556105 cde7c43356fa44a1 218
621418587041 cde7c43356fa44a1 218
621418618196 cde7c43356fa44a1 219
621418649219 cde7c43356fa44a1 220
621418680105 cde7c43356fa44a1 221
621418711215 cde7c43356fa44a1 221
621418742191 cde7c43356fa44a1 222
621418773289 cde7c43356fa44a1 223
621418804168 cde7c43356fa44a1 224
621418835066 cde7c43356fa44a1 225
621418866094 cde7c43356fa44a1 226
621418897256 cde7c43356fa44a1 226
621418928715 cde7c43356fa44a1 227
621418959187 cde7c43356fa44a1 228
621418990193 cde7c43356fa44a1 229
621419021170 cde7c43356fa44a1 230
621419052168 cde7c43356fa44a1 231
621419083434 cde7c43356fa44a1 232
621419114154 cde7c43356fa44a1 233
621419145358 cde7c43356fa44a1 234
621419176229 cde7c43356fa44a1 234
621419207218 cde7c43356fa44a1 235
621419238291 cde7c43356fa44a1 236
621419269364 cde7c43356fa44a1 237
621419300332 cde7c43356fa44a1 238
621419331319 cde7c43356fa44a1 239
621419362291 cde7c43356fa44a1 240
621419393390 cde7c43356fa44a1 241
621419424365 cde7c43356fa44a1 242
621419455262 cde7c43356fa44a1 244
621419486276 cde7c43356fa44a1 245
621419517405 cde7c43356fa44a1 246
621419548386 cde7c43356fa44a1 247
621419579491 cde7c43356fa44a1 248
621419610376 cde7c43356fa44a1 249
621419641426 cde7c43356fa44a1 250
621419672470 cde7c43356fa44a1 251
621419703397 cde7c43356fa44a1 252
621419734341 cde7c43356fa44a1 254
621419765478 cde7c43356fa44a1 255
621419796447 cde7c43356fa44a1 256
621419827447 cde7c43356fa44a1 257
621419858521 cde7c43356fa44a1 258
621419889412 cde7c43356fa44a1 260
621419920404 cde7c43356fa44a1 261
621419951399 cde7c43356fa44a1 262
621419982363 cde7c43356fa44a1 263
621420013566 cde7c43356fa44a1 265
621420044441 cde7c43356fa44a1 266
621420075293 cde7c43356fa44a1 267
621420106469 cde7c43356fa44a1 269
621420137583 cde7c43356fa44a1 270
621420168427 cde7c43356fa44a1 271
621420199531 cde7c43356fa44a1 272
621420230440 cde7c43356fa44a1 274
621420261500 cde7c43356fa44a1 275
621420292576 cde7c43356fa44a1 276
621420323525 cde7c43356fa44a1 278
621420354364 cde7c43356fa44a1 279
621420385537 cde7c43356fa44a1 280
621420416634 cde7c43356fa44a1 281
621420447739 cde7c43356fa44a1 283
621420478570 cde7c43356fa44a1 284
621420509691 cde7c43356fa44a1 285
621420540561 cde7c43356fa44a1 287
621420571654 cde7c43356fa44a1 288
621420602725 cde7c43356fa44a1 289
621420633791 cde7c43356fa44a1 290
621420664716 cde7c43356fa44a1 292
621420695668 cde7c43356fa44a1 293
621420726670 cde7c43356fa44a1 294
621420757489 cde7c43356fa44a1 296
621420788742 cde7c43356fa44a1 297
621420819630 cde7c43356fa44a1 298
621420850586 cde7c43356fa44a1 299
621420881806 cde7c43356fa44a1 301
621420912683 cde7c43356fa44a1 302
621420943652 cde7c43356fa44a1 303
621420974591 cde7c43356fa44a1 305
621421005749 cde7c43356fa44a1 306
621421036758 cde7c43356fa44a1 307
621421067563 cde7c43356fa44a1 308
621421098713 cde7c43356fa44a1 310
621421129752 cde7c43356fa44a1 311
621421160675 cde7c43356fa44a1 312
621421191808 cde7c43356fa44a1 314
621421222758 cde7c43356fa44a1 315
621421254323 cde7c43356fa44a1 316
621421284685 cde7c43356fa44a1 317
621421315686 cde7c43356fa44a1 319
621421346768 cde7c43356fa44a1 320
621421377937 cde7c43356fa44a1 321
621421408780 cde7c43356fa44a1 323
621421439816 cde7c43356fa44a1 324
621421470769 cde7c43356fa44a1 325
621421501894 cde7c43356fa44a1 326
621421532863 cde7c43356fa44a1 328
621421564324 cde7c43356fa44a1 329
621421594904 cde7c43356fa44a1 330
621421625978 cde7c43356fa44a1 332
621421656888 cde7c43356fa44a1 333
621421687886 cde7c43356fa44a1 334
621421718852 cde7c43356fa44a1 335
621421749858 cde7c43356fa44a1 337
621421780824 cde7c43356fa44a1 338
621421811976 cde7c43356fa44a1 339
621421842961 cde7c43356fa44a1 340
621421873993 cde7c43356fa44a1 340
621421904913 cde7c43356fa44a1 340
621421935788 cde7c43356fa44a1 340
621421966789 cde7c43356fa44a1 340
621421997973 cde7c43356fa44a1 340
621422029011 cde7c43356fa44a1 340
621422060008 cde7c43356fa44a1 340
621422090976 cde7c43356fa44a1 340
621422122144 cde7c43356fa44a1 340
621422153099 cde7c43356fa44a1 340
621422183950 cde7c43356fa44a1 340
621422215103 cde7c43356fa44a1 340
621422246055 cde7c43356fa44a1 340
621422277101 cde7c43356fa44a1 340
621422308090 cde7c43356fa44a1 340
621422339195 cde7c43356fa44a1 340
621422370068 cde7c43356fa44a1 341
621422401100 cde7c43356fa44a1 341
621422432200 cde7c43356fa44a1 341
621422463131 cde7c43356fa44a1 341
621422494087 cde7c43356fa44a1 341
621422525172 cde7c43356fa44a1 341
621422556127 cde7c43356fa44a1 341
621422587207 cde7c43356fa44a1 341
621422618170 cde7c43356fa44a1 341
621422649203 cde7c43356fa44a1 341
621422679992 cde7c43356fa44a1 341
621422711524 cde7c43356fa44a1 341
621422737938 cde7c43356fa44a1 341
621422748261 cde7c43356fa44a1 341
621422758649 cde7c43356fa44a1 290
621422768902 cde7c43356fa44a1 290
621422804307 cde7c43356fa44a1 290
621422835226 cde7c43356fa44a1 290
621422866380 cde7c43356fa44a1 290
621422897275 cde7c43356fa44a1 290
621422928381 cde7c43356fa44a1 290
621422959452 cde7c43356fa44a1 290
621422990340 cde7c43356fa44a1 290
621423021356 cde7c43356fa44a1 290
621423052449 cde7c43356fa44a1 290
621423083488 cde7c43356fa44a1 290
621423114291 cde7c43356fa44a1 290
621423145512 cde7c43356fa44a1 290
621423176328 cde7c43356fa44a1 290
621423207468 cde7c43356fa44a1 290
621423238455 cde7c43356fa44a1 290
621423269517 cde7c43356fa44a1 290
621423300427 cde7c43356fa44a1 290
621423331495 cde7c43356fa44a1 290
621423362529 cde7c43356fa44a1 290
621423393617 cde7c43356fa44a1 290
621423424465 cde7c43356fa44a1 290
621423455598 cde7c43356fa44a1 290
621423486678 cde7c43356fa44a1 290
621423517680 cde7c43356fa44a1 290
621423548560 cde7c43356fa44a1 290
621423579579 cde7c43356fa44a1 290
621423610389 cde7c43356fa44a1 290
621423641750 cde7c43356fa44a1 290
621423672474 cde7c43356fa44a1 290
621423703534 cde7c43356fa44a1 290
621423734475 cde7c43356fa44a1 290
621423765694 cde7c43356fa44a1 290
621423796683 cde7c43356fa44a1 290
621423827634 cde7c43356fa44a1 290
621423858771 cde7c43356fa44a1 290
621423889665 cde7c43356fa44a1 290
621423920669 cde7c43356fa44a1 290
621423951665 cde7c43356fa44a1 290
621423982546 cde7c43356fa44a1 290
621424013685 cde7c43356fa44a1 290
621424044618 cde7c43356fa44a1 290
621424075615 cde7c43356fa44a1 290
621424106690 cde7c43356fa44a1 290
621424137890 cde7c43356fa44a1 290
621424168596 cde7c43356fa44a1 290
621424199730 cde7c43356fa44a1 290
621424230800 cde7c43356fa44a1 290
621424261778 cde7c43356fa44a1 290
621424292673 cde7c43356fa44a1 290
621424323800 cde7c43356fa44a1 290
621424354730 cde7c43356fa44a1 290
621424385750 cde7c43356fa44a1 290
621424416725 cde7c43356fa44a1 290
621424447793 cde7c43356fa44a1 290
621424478799 cde7c43356fa44a1 290
621424509967 cde7c43356fa44a1 290
621424540709 cde7c43356fa44a1 290
621424571836 cde7c43356fa44a1 290
621424602961 cde7c43356fa44a1 290
621424633905 cde7c43356fa44a1 290
621424664807 cde7c43356fa44a1 290
621424695920 cde7c43356fa44a1 290
621424726864 cde7c43356fa44a1 290
621424758018 cde7c43356fa44a1 290
621424788804 cde7c43356fa44a1 290
621424819930 cde7c43356fa44a1 290
621424850732 cde7c43356fa44a1 290
621424881915 cde7c43356fa44a1 290
621424912911 cde7c43356fa44a1 290
621424943823 cde7c43356fa44a1 290
621424974863 cde7c43356fa44a1 290
621425005891 cde7c43356fa44a1 290
621425037101 cde7c43356fa44a1 290
621425067953 cde7c43356fa44a1 290
621425098924 cde7c43356fa44a1 290
621425130092 cde7c43356fa44a1 290
621425161012 cde7c43356fa44a1 290
621425191984 cde7c43356fa44a1 290
621425222994 cde7c43356fa44a1 290
621425254047 cde7c43356fa44a1 290
621425285098 cde7c43356fa44a1 290
621425315892 cde7c43356fa44a1 290
621425347049 cde7c43356fa44a1 290
621425377932 cde7c43356fa44a1 290
621425408921 cde7c43356fa44a1 290
621425440109 cde7c43356fa44a1 290
621425470946 cde7c43356fa44a1 290
621425502890 cde7c43356fa44a1 290
621425533101 cde7c43356fa44a1 290
621425564114 cde7c43356fa44a1 290
621425595037 cde7c43356fa44a1 290
621425626291 cde7c43356fa44a1 290
621425657186 cde7c43356fa44a1 290
621425688050 cde7c43356fa44a1 290
621425719051 cde7c43356fa44a1 290
621425750192 cde7c43356fa44a1 290
621425781224 cde7c43356fa44a1 290
621425812160 cde7c43356fa44a1 290
621425843268 cde7c43356fa44a1 290
621425874076 cde7c43356fa44a1 290
621425905146 cde7c43356fa44a1 290
621425936188 cde7c43356fa44a1 290
621425967135 cde7c43356fa44a1 290
621425998173 cde7c43356fa44a1 290
621426029057 cde7c43356fa44a1 290
621426060175 cde7c43356fa44a1 290
621426091114 cde7c43356fa44a1 290
621426122188 cde7c43356fa44a1 290
621426153304 cde7c43356fa44a1 290
621426184154 cde7c43356fa44a1 290
621426215217 cde7c43356fa44a1 290
621426246310 cde7c43356fa44a1 290
621426277305 cde7c43356fa44a1 290
621426308178 cde7c43356fa44a1 290
621426339250 cde7c43356fa44a1 290
621426370304 cde7c43356fa44a1 290
621426401257 cde7c43356fa44a1 290
621426432221 cde7c43356fa44a1 290
621426463284 cde7c43356fa44a1 290
621426494197 cde7c43356fa44a1 290
621426525374 cde7c43356fa44a1 290
621426556391 cde7c43356fa44a1 290
621426587346 cde7c43356fa44a1 290
621426618412 cde7c43356fa44a1 290
621426649427 cde7c43356fa44a1 290
621426680300 cde7c43356fa44a1 290
621426711408 cde7c43356fa44a1 290
621426742308 cde7c43356fa44a1 290
621426773490 cde7c43356fa44a1 290
621426804309 cde7c43356fa44a1 290
621426835296 cde7c43356fa44a1 290
621426866650 cde7c43356fa44a1 291
621426898031 cde7c43356fa44a1 292
621426928374 cde7c43356fa44a1 293
621426959421 cde7c43356fa44a1 295
621426990307 cde7c43356fa44a1 295
621427021616 cde7c43356fa44a1 295
621427052432 cde7c43356fa44a1 295
621427083358 cde7c43356fa44a1 295
621427114254 cde7c43356fa44a1 295
621427145166 cde7c43356fa44a1 296
621427176347 cde7c43356fa44a1 296
621427207463 cde7c43356fa44a1 296
621427238301 cde7c43356fa44a1 297
621427269299 cde7c43356fa44a1 297
621427300408 cde7c43356fa44a1 297
621427331299 cde7c43356fa44a1 298
621427362366 cde7c43356fa44a1 298
621427393358 cde7c43356fa44a1 298
621427424208 cde7c43356fa44a1 299
621427455296 cde7c43356fa44a1 299
621427486423 cde7c43356fa44a1 299
621427518587 cde7c43356fa44a1 300
621427548408 cde7c43356fa44a1 300
621427579282 cde7c43356fa44a1 301
621427610371 cde7c43356fa44a1 301
621427641686 cde7c43356fa44a1 301
621427672541 cde7c43356fa44a1 301
621427703474 cde7c43356fa44a1 301
621427734486 cde7c43356fa44a1 302
621427765576 cde7c43356fa44a1 302
621427796385 cde7c43356fa44a1 303
621427827546 cde7c43356fa44a1 303
621427858301 cde7c43356fa44a1 304
621427889617 cde7c43356fa44a1 304
621427920586 cde7c43356fa44a1 305
621427951618 cde7c43356fa44a1 305
621427982682 cde7c43356fa44a1 306
621428013707 cde7c43356fa44a1 306
621428044500 cde7c43356fa44a1 307
621428075539 cde7c43356fa44a1 307
621428106612 cde7c43356fa44a1 307
621428138414 cde7c43356fa44a1 308
621428168426 cde7c43356fa44a1 308
621428199620 cde7c43356fa44a1 309
621428230697 cde7c43356fa44a1 309
621428261627 cde7c43356fa44a1 310
621428292667 cde7c43356fa44a1 310
621428323678 cde7c43356fa44a1 311
621428354617 cde7c43356fa44a1 312
621428385701 cde7c43356fa44a1 312
621428416631 cde7c43356fa44a1 313
621428447788 cde7c43356fa44a1 313
621428478740 cde7c43356fa44a1 313
621428509955 cde7c43356fa44a1 314
621428540777 cde7c43356fa44a1 315
621428571575 cde7c43356fa44a1 316
621428602635 cde7c43356fa44a1 316
621428633824 cde7c43356fa44a1 317
621428664682 cde7c43356fa44a1 318
621428695630 cde7c43356fa44a1 319
621428726840 cde7c43356fa44a1 319
621428757901 cde7c43356fa44a1 319
621428788691 cde7c43356fa44a1 320
621428819785 cde7c43356fa44a1 321
621428850673 cde7c43356fa44a1 322
621428881735 cde7c43356fa44a1 323
621428912752 cde7c43356fa44a1 324
621428943715 cde7c43356fa44a1 324
621428974823 cde7c43356fa44a1 325
621429005773 cde7c43356fa44a1 325
621429036700 cde7c43356fa44a1 326
621429067645 cde7c43356fa44a1 327
621429098793 cde7c43356fa44a1 328
621429129877 cde7c43356fa44a1 329
621429160903 cde7c43356fa44a1 330
621429191969 cde7c43356fa44a1 331
621429222952 cde7c43356fa44a1 331
621429253983 cde7c43356fa44a1 332
621429284975 cde7c43356fa44a1 333
621429315908 cde7c43356fa44a1 334
621429347287 cde7c43356fa44a1 335
621429377918 cde7c43356fa44a1 337
621429409039 cde7c43356fa44a1 337
621429439944 cde7c43356fa44a1 338
621429470862 cde7c43356fa44a1 339
621429501955 cde7c43356fa44a1 340
621429533008 cde7c43356fa44a1 341
621429564019 cde7c43356fa44a1 341
621429594747 cde7c43356fa44a1 341
621429625715 cde7c43356fa44a1 341
621429656904 cde7c43356fa44a1 341
621429687913 cde7c43356fa44a1 341
621429719004 cde7c43356fa44a1 341
621429750067 cde7c43356fa44a1 341
621429780927 cde7c43356fa44a1 341
621429812023 cde7c43356fa44a1 341
621429843153 cde7c43356fa44a1 341
621429874043 cde7c43356fa44a1 341
621429905026 cde7c43356fa44a1 341
621429935979 cde7c43356fa44a1 341
621429966847 cde7c43356fa44a1 341
621429998058 cde7c43356fa44a1 341
621430029056 cde7c43356fa44a1 341
621430060099 cde7c43356fa44a1 341
621430091175 cde7c43356fa44a1 341
621430122149 cde7c43356fa44a1 341
621430153148 cde7c43356fa44a1 341
621430184113 cde7c43356fa44a1 341
621430215108 cde7c43356fa44a1 341
621430246316 cde7c43356fa44a1 341
621430277287 cde7c43356fa44a1 341
621430308215 cde7c43356fa44a1 341
621430339232 cde7c43356fa44a1 341
621430370245 cde7c43356fa44a1 341
621430401266 cde7c43356fa44a1 341
621430432231 cde7c43356fa44a1 341
621430463260 cde7c43356fa44a1 341
621430494401 cde7c43356fa44a1 341
621430525291 cde7c43356fa44a1 341
621430556045 cde7c43356fa44a1 341
621430587352 cde7c43356fa44a1 341
621430618364 cde7c43356fa44a1 341
621430649493 cde7c43356fa44a1 341
621430680321 cde7c43356fa44a1 341
621430711337 cde7c43356fa44a1 341
621430742383 cde7c43356fa44a1 341
621430773496 cde7c43356fa44a1 341
621430804474 cde7c43356fa44a1 341
621430835458 cde7c43356fa44a1 341
621430866246 cde7c43356fa44a1 341
621430897320 cde7c43356fa44a1 341
621430928342 cde7c43356fa44a1 341
621430959532 cde7c43356fa44a1 341
621430990177 cde7c43356fa44a1 341
621431021447 cde7c43356fa44a1 341
621431052247 cde7c43356fa44a1 341
621431083477 cde7c43356fa44a1 341
621431114519 cde7c43356fa44a1 341
621431145363 cde7c43356fa44a1 341
621431176384 cde7c43356fa44a1 341
621431207428 cde7c43356fa44a1 341
621431238317 cde7c43356fa44a1 341
621431269435 cde7c43356fa44a1 341
621431300323 cde7c43356fa44a1 341
621431331415 cde7c43356fa44a1 341
621431362440 cde7c43356fa44a1 341
621431393503 cde7c43356fa44a1 341
621431424455 cde7c43356fa44a1 342
621431455462 cde7c43356fa44a1 342
621431486335 cde7c43356fa44a1 342
621431517728 cde7c43356fa44a1 342
621431548541 cde7c43356fa44a1 342
621431579280 cde7c43356fa44a1 342
621431610331 cde7c43356fa44a1 342
621431641467 cde7c43356fa44a1 342
621431672361 cde7c43356fa44a1 342
621431703480 cde7c43356fa44a1 342
621431734508 cde7c43356fa44a1 342
621431765547 cde7c43356fa44a1 342
621431796413 cde7c43356fa44a1 342
621431827524 cde7c43356fa44a1 342
621431858564 cde7c43356fa44a1 342
621431889583 cde7c43356fa44a1 342
621431920727 cde7c43356fa44a1 342
621431951606 cde7c43356fa44a1 343
621431982648 cde7c43356fa44a1 343
621432013647 cde7c43356fa44a1 343
621432044670 cde7c43356fa44a1 343
621432075619 cde7c43356fa44a1 343
621432106558 cde7c43356fa44a1 343
621432137786 cde7c43356fa44a1 343
621432168671 cde7c43356fa44a1 343
621432199677 cde7c43356fa44a1 343
621432230679 cde7c43356fa44a1 343
621432261761 cde7c43356fa44a1 344
621432292555 cde7c43356fa44a1 344
621432323717 cde7c43356fa44a1 344
621432354483 cde7c43356fa44a1 344
621432385882 cde7c43356fa44a1 344
621432416648 cde7c43356fa44a1 344
621432447604 cde7c43356fa44a1 344
621432478624 cde7c43356fa44a1 344
621432509602 cde7c43356fa44a1 345
621432540680 cde7c43356fa44a1 345
621432571746 cde7c43356fa44a1 345
621432602766 cde7c43356fa44a1 345
621432633821 cde7c43356fa44a1 345
621432664722 cde7c43356fa44a1 345
621432695700 cde7c43356fa44a1 346
621432726828 cde7c43356fa44a1 346
621432757892 cde7c43356fa44a1 346
621432788887 cde7c43356fa44a1 346
621432819748 cde7c43356fa44a1 346
621432850792 cde7c43356fa44a1 347
621432881886 cde7c43356fa44a1 347
621432912867 cde7c43356fa44a1 347
621432943872 cde7c43356fa44a1 347
621432974811 cde7c43356fa44a1 348
621433005815 cde7c43356fa44a1 348
621433036852 cde7c43356fa44a1 348
621433067891 cde7c43356fa44a1 348
621433098900 cde7c43356fa44a1 349
621433129919 cde7c43356fa44a1 349
621433161017 cde7c43356fa44a1 349
621433191813 cde7c43356fa44a1 349
621433222882 cde7c43356fa44a1 350
621433253999 cde7c43356fa44a1 350
621433284942 cde7c43356fa44a1 350
621433315940 cde7c43356fa44a1 351
621433346733 cde7c43356fa44a1 351
621433377971 cde7c43356fa44a1 351
621433409013 cde7c43356fa44a1 351
621433439943 cde7c43356fa44a1 352
621433470892 cde7c43356fa44a1 352
621433502002 cde7c43356fa44a1 353
621433533031 cde7c43356fa44a1 353
621433563910 cde7c43356fa44a1 353
621433594841 cde7c43356fa44a1 354
621433626181 cde7c43356fa44a1 354
621433657180 cde7c43356fa44a1 354
621433688011 cde7c43356fa44a1 355
621433718990 cde7c43356fa44a1 355
621433750087 cde7c43356fa44a1 355
621433781003 cde7c43356fa44a1 356
621433812134 cde7c43356fa44a1 356
621433843179 cde7c43356fa44a1 357
621433874038 cde7c43356fa44a1 357
621433904985 cde7c43356fa44a1 358
621433936049 cde7c43356fa44a1 358
621433967111 cde7c43356fa44a1 359
621433998100 cde7c43356fa44a1 359
621434029150 cde7c43356fa44a1 359
621434060122 cde7c43356fa44a1 360
621434091051 cde7c43356fa44a1 360
621434122171 cde7c43356fa44a1 361
621434153203 cde7c43356fa44a1 361
621434184130 cde7c43356fa44a1 362
621434215059 cde7c43356fa44a1 362
621434246168 cde7c43356fa44a1 363
621434277216 cde7c43356fa44a1 364
621434308182 cde7c43356fa44a1 364
621434339409 cde7c43356fa44a1 365
621434370173 cde7c43356fa44a1 365
621434401222 cde7c43356fa44a1 366
621434432173 cde7c43356fa44a1 366
621434466129 cde7c43356fa44a1 367
621434496970 cde7c43356fa44a1 368
621434527990 cde7c43356fa44a1 368
621434559004 cde7c43356fa44a1 369
621434590144 cde7c43356fa44a1 369
621434621104 cde7c43356fa44a1 370
621434652093 cde7c43356fa44a1 371
621434683078 cde7c43356fa44a1 371
621434714470 cde7c43356fa44a1 372
621434744835 cde7c43356fa44a1 373
621434776010 cde7c43356fa44a1 373
621434807300 cde7c43356fa44a1 374
621434838086 cde7c43356fa44a1 375
621434869127 cde7c43356fa44a1 376
621434900023 cde7c43356fa44a1 376
621434931125 cde7c43356fa44a1 377
621434962069 cde7c43356fa44a1 378
621434993303 cde7c43356fa44a1 379
621435024132 cde7c43356fa44a1 379
621435055182 cde7c43356fa44a1 380
621435086032 cde7c43356fa44a1 381
621435117069 cde7c43356fa44a1 382
621435148175 cde7c43356fa44a1 383
621435179242 cde7c43356fa44a1 383
621435210181 cde7c43356fa44a1 384
621435241242 cde7c43356fa44a1 385
621435272140 cde7c43356fa44a1 386
621435303216 cde7c43356fa44a1 387
621435334135 cde7c43356fa44a1 388
621435365201 cde7c43356fa44a1 389
621435396221 cde7c43356fa44a1 390
621435427440 cde7c43356fa44a1 390
621435458096 cde7c43356fa44a1 390
621435489308 cde7c43356fa44a1 390
621435520236 cde7c43356fa44a1 390
621435551235 cde7c43356fa44a1 390
621435582578 cde7c43356fa44a1 390
621435613382 cde7c43356fa44a1 390
621435644290 cde7c43356fa44a1 390
621435675306 cde7c43356fa44a1 391
621435706186 cde7c43356fa44a1 391
621435737483 cde7c43356fa44a1 391
621435768315 cde7c43356fa44a1 391
621435799273 cde7c43356fa44a1 391
621435830273 cde7c43356fa44a1 391
621435861296 cde7c43356fa44a1 391
621435892329 cde7c43356fa44a1 391
621435923352 cde7c43356fa44a1 391
621435954348 cde7c43356fa44a1 391
621435985445 cde7c43356fa44a1 391
621436016327 cde7c43356fa44a1 391
621436047463 cde7c43356fa44a1 391
621436078338 cde7c43356fa44a1 391
621436109440 cde7c43356fa44a1 391
621436140407 cde7c43356fa44a1 391
621436171381 cde7c43356fa44a1 391
621436202342 cde7c43356fa44a1 391
621436233579 cde7c43356fa44a1 391
621436264515 cde7c43356fa44a1 391
621436295418 cde7c43356fa44a1 391
621436326485 cde7c43356fa44a1 391
621436357582 cde7c43356fa44a1 391
621436388814 cde7c43356fa44a1 392
621436419631 cde7c43356fa44a1 392
621436450564 cde7c43356fa44a1 392
621436481698 cde7c43356fa44a1 392
621436512587 cde7c43356fa44a1 392
621436543614 cde7c43356fa44a1 392
621436574700 cde7c43356fa44a1 392
621436605589 cde7c43356fa44a1 392
621436636570 cde7c43356fa44a1 392
621436667642 cde7c43356fa44a1 392
621436698449 cde7c43356fa44a1 392
621436729756 cde7c43356fa44a1 393
621436760589 cde7c43356fa44a1 393
621436791648 cde7c43356fa44a1 393
621436822584 cde7c43356fa44a1 393
621436853689 cde7c43356fa44a1 393
621436884900 cde7c43356fa44a1 393
621436915737 cde7c43356fa44a1 393
621436946695 cde7c43356fa44a1 394
621436977859 cde7c43356fa44a1 394
621437008597 cde7c43356fa44a1 394
621437039637 cde7c43356fa44a1 394
621437070681 cde7c43356fa44a1 394
621437101698 cde7c43356fa44a1 394
621437132710 cde7c43356fa44a1 395
621437163607 cde7c43356fa44a1 395
621437194542 cde7c43356fa44a1 395
621437225754 cde7c43356fa44a1 395
621437256751 cde7c43356fa44a1 395
621437287638 cde7c43356fa44a1 395
621437318760 cde7c43356fa44a1 396
621437349851 cde7c43356fa44a1 396
621437380698 cde7c43356fa44a1 396
621437411771 cde7c43356fa44a1 396
621437442754 cde7c43356fa44a1 397
621437473778 cde7c43356fa44a1 397
621437504692 cde7c43356fa44a1 397
621437535864 cde7c43356fa44a1 397
621437566829 cde7c43356fa44a1 398
621437598263 cde7c43356fa44a1 398
621437628845 cde7c43356fa44a1 398
621437659770 cde7c43356fa44a1 398
621437690842 cde7c43356fa44a1 399
621437721864 cde7c43356fa44a1 399
621437752846 cde7c43356fa44a1 399
621437783814 cde7c43356fa44a1 399
621437814908 cde7c43356fa44a1 400
621437845974 cde7c43356fa44a1 400
621437876990 cde7c43356fa44a1 400
621437907848 cde7c43356fa44a1 401
621437938821 cde7c43356fa44a1 401
621437969975 cde7c43356fa44a1 401
621438000769 cde7c43356fa44a1 402
621438031788 cde7c43356fa44a1 402
621438062822 cde7c43356fa44a1 402
621438093736 cde7c43356fa44a1 403
621438124889 cde7c43356fa44a1 403
621438155846 cde7c43356fa44a1 404
621438186921 cde7c43356fa44a1 404
621438217786 cde7c43356fa44a1 404
621438248780 cde7c43356fa44a1 405
621438279668 cde7c43356fa44a1 405
621438310582 cde7c43356fa44a1 406
621438341773 cde7c43356fa44a1 406
621438372852 cde7c43356fa44a1 406
621438403957 cde7c43356fa44a1 407
621438435156 cde7c43356fa44a1 407
621438466083 cde7c43356fa44a1 408
621438497103 cde7c43356fa44a1 408
621438528270 cde7c43356fa44a1 409
621438559181 cde7c43356fa44a1 409
621438590107 cde7c43356fa44a1 410
621438621091 cde7c43356fa44a1 410
621438651977 cde7c43356fa44a1 411
621438682975 cde7c43356fa44a1 411
621438714164 cde7c43356fa44a1 412
621438745013 cde7c43356fa44a1 412
621438775986 cde7c43356fa44a1 413
621438807240 cde7c43356fa44a1 413
621438838180 cde7c43356fa44a1 414
621438869179 cde7c43356fa44a1 414
621438900060 cde7c43356fa44a1 415
621438931023 cde7c43356fa44a1 416
621438962081 cde7c43356fa44a1 416
621438993072 cde7c43356fa44a1 417
621439024075 cde7c43356fa44a1 417
621439055173 cde7c43356fa44a1 418
621439086755 cde7c43356fa44a1 419
621439117205 cde7c43356fa44a1 419
621439148120 cde7c43356fa44a1 420
621439179445 cde7c43356fa44a1 421
621439210420 cde7c43356fa44a1 421
621439241305 cde7c43356fa44a1 421
621439272322 cde7c43356fa44a1 421
621439303505 cde7c43356fa44a1 421
621439334328 cde7c43356fa44a1 421
621439365348 cde7c43356fa44a1 421
621439396208 cde7c43356fa44a1 421
621439427565 cde7c43356fa44a1 421
621439458382 cde7c43356fa44a1 421
621439489440 cde7c43356fa44a1 421
621439520589 cde7c43356fa44a1 421
621439551443 cde7c43356fa44a1 421
621439582272 cde7c43356fa44a1 421
621439613255 cde7c43356fa44a1 421
621439619154 cde7c43356fa44a1 421
621439654508 cde7c43356fa44a1 421
621439685773 cde7c43356fa44a1 421
621439716875 cde7c43356fa44a1 421
621439747741 cde7c43356fa44a1 421
621439778717 cde7c43356fa44a1 421
621439809973 cde7c43356fa44a1 421
621439840915 cde7c43356fa44a1 421
621439871863 cde7c43356fa44a1 421
621439902742 cde7c43356fa44a1 421
621439933925 cde7c43356fa44a1 421
621439965070 cde7c43356fa44a1 421
621439995793 cde7c43356fa44a1 421
621440026803 cde7c43356fa44a1 421
621440057903 cde7c43356fa44a1 421
621440063752 cde7c43356fa44a1 421
621440074005 cde7c43356fa44a1 421
621440084404 cde7c43356fa44a1 357
621440094623 cde7c43356fa44a1 357
621440130223 cde7c43356fa44a1 357
621440161211 cde7c43356fa44a1 357
621440192103 cde7c43356fa44a1 357
621440223239 cde7c43356fa44a1 357
621440254209 cde7c43356fa44a1 357
621440285401 cde7c43356fa44a1 357
621440316221 cde7c43356fa44a1 357
621440347268 cde7c43356fa44a1 357
621440378354 cde7c43356fa44a1 357
621440409402 cde7c43356fa44a1 357
621440440375 cde7c43356fa44a1 357
621440471330 cde7c43356fa44a1 357
621440502157 cde7c43356fa44a1 357
621440533480 cde7c43356fa44a1 357
621440564350 cde7c43356fa44a1 357
621440595358 cde7c43356fa44a1 357
621440626347 cde7c43356fa44a1 357
621440657419 cde7c43356fa44a1 357
621440688453 cde7c43356fa44a1 357
621440719419 cde7c43356fa44a1 357
621440750303 cde7c43356fa44a1 357
621440781482 cde7c43356fa44a1 357
621440812370 cde7c43356fa44a1 357
621440843519 cde7c43356fa44a1 357
621440874362 cde7c43356fa44a1 357
621440905423 cde7c43356fa44a1 357
621440936349 cde7c43356fa44a1 357
621440967557 cde7c43356fa44a1 357
621440998251 cde7c43356fa44a1 357
621441029194 cde7c43356fa44a1 357
621441060098 cde7c43356fa44a1 357
621441091297 cde7c43356fa44a1 357
621441122225 cde7c43356fa44a1 357
621441153263 cde7c43356fa44a1 357
621441184308 cde7c43356fa44a1 357
621441215343 cde7c43356fa44a1 357
621441246236 cde7c43356fa44a1 357
621441277417 cde7c43356fa44a1 357
621441308250 cde7c43356fa44a1 357
621441339443 cde7c43356fa44a1 357
621441370366 cde7c43356fa44a1 357
621441401494 cde7c43356fa44a1 357
621441432574 cde7c43356fa44a1 357
621441463432 cde7c43356fa44a1 357
621441494348 cde7c43356fa44a1 357
621441525597 cde7c43356fa44a1 357
621441556414 cde7c43356fa44a1 357
621441587485 cde7c43356fa44a1 357
621441618446 cde7c43356fa44a1 357
621441649576 cde7c43356fa44a1 357
621441680459 cde7c43356fa44a1 357
621441711459 cde7c43356fa44a1 357
621441742485 cde7c43356fa44a1 357
621441773575 cde7c43356fa44a1 357
621441804361 cde7c43356fa44a1 357
621441835506 cde7c43356fa44a1 357
621441866436 cde7c43356fa44a1 357
621441897722 cde7c43356fa44a1 357
621441928591 cde7c43356fa44a1 357
621441959631 cde7c43356fa44a1 357
621441990556 cde7c43356fa44a1 357
621442021672 cde7c43356fa44a1 357
621442052553 cde7c43356fa44a1 357
621442083557 cde7c43356fa44a1 357
621442114592 cde7c43356fa44a1 357
621442145590 cde7c43356fa44a1 357
621442176500 cde7c43356fa44a1 357
621442207632 cde7c43356fa44a1 357
621442238796 cde7c43356fa44a1 357
621442269605 cde7c43356fa44a1 357
621442300649 cde7c43356fa44a1 357
621442331590 cde7c43356fa44a1 357
621442362661 cde7c43356fa44a1 357
621442393641 cde7c43356fa44a1 357
621442424615 cde7c43356fa44a1 357
621442455507 cde7c43356fa44a1 357
621442486642 cde7c43356fa44a1 357
621442517764 cde7c43356fa44a1 357
621442548742 cde7c43356fa44a1 357
621442579675 cde7c43356fa44a1 357
621442610709 cde7c43356fa44a1 357
621442641763 cde7c43356fa44a1 357
621442658199 cde7c43356fa44a1 357
621442668383 cde7c43356fa44a1 357
621442678684 cde7c43356fa44a1 357
621442689079 cde7c43356fa44a1 357
621442724302 cde7c43356fa44a1 357
621442755494 cde7c43356fa44a1 357
621442786401 cde7c43356fa44a1 357
621442817484 cde7c43356fa44a1 357
621442848346 cde7c43356fa44a1 357
621442879492 cde7c43356fa44a1 357
621442910448 cde7c43356fa44a1 357
621442941606 cde7c43356fa44a1 357
621442972590 cde7c43356fa44a1 357
621443003519 cde7c43356fa44a1 357
621443034542 cde7c43356fa44a1 357
621443065500 cde7c43356fa44a1 357
621443096526 cde7c43356fa44a1 357
621443127395 cde7c43356fa44a1 357
621443158507 cde7c43356fa44a1 357
621443189524 cde7c43356fa44a1 357
621443220588 cde7c43356fa44a1 357
621443251374 cde7c43356fa44a1 357
621443282546 cde7c43356fa44a1 357
621443313451 cde7c43356fa44a1 357
621443344390 cde7c43356fa44a1 357
621443375480 cde7c43356fa44a1 357
621443406537 cde7c43356fa44a1 357
621443437606 cde7c43356fa44a1 357
621443468652 cde7c43356fa44a1 357
621443499502 cde7c43356fa44a1 357
621443530435 cde7c43356fa44a1 357
621443561521 cde7c43356fa44a1 357
621443592542 cde7c43356fa44a1 357
621443623487 cde7c43356fa44a1 357
621443654592 cde7c43356fa44a1 357
621443685652 cde7c43356fa44a1 357
621443716712 cde7c43356fa44a1 357
621443747633 cde7c43356fa44a1 357
621443778687 cde7c43356fa44a1 357
621443809729 cde7c43356fa44a1 357
621443840686 cde7c43356fa44a1 357
621443871707 cde7c43356fa44a1 357
621443902696 cde7c43356fa44a1 357
621443933646 cde7c43356fa44a1 357
621443964723 cde7c43356fa44a1 357
621443995599 cde7c43356fa44a1 357
621444026534 cde7c43356fa44a1 357
621444057683 cde7c43356fa44a1 357
621444088805 cde7c43356fa44a1 357
621444119741 cde7c43356fa44a1 357
621444150663 cde7c43356fa44a1 357
621444181674 cde7c43356fa44a1 357
621444486432 cde7c43356fa44a1 357
